This is pdfTeX, Version 3.14159265-2.6-1.40.19 (MiKTeX 2.9.6840 64-bit) (preloaded format=pdflatex 2018.12.2)  3 DEC 2018 00:39
entering extended mode
**./modelo.tex
(modelo.tex
LaTeX2e <2018-04-01> patch level 5
(cc-udc-abntex2.cls ("C:\Program Files\MiKTeX 2.9\tex\latex\abntex2\abntex2.cls
"
Document Class: abntex2 2018/11/24 v-1.9.7 abnTeX2
("C:\Program Files\MiKTeX 2.9\tex\latex\base\ifthen.sty"
Package: ifthen 2014/09/29 v1.1c Standard LaTeX ifthen package (DPC)
)
("C:\Program Files\MiKTeX 2.9\tex\latex\memoir\memoir.cls"
Document Class: memoir 2018/04/04 v3.7g configurable book, report, article docu
ment class
\onelineskip=\skip41
\lxvchars=\skip42
\xlvchars=\skip43
\@memcnta=\count80
\c@@memmarkcntra=\count81
("C:\Program Files\MiKTeX 2.9\tex\generic\oberdiek\ifpdf.sty"
Package: ifpdf 2018/09/07 v3.3 Provides the ifpdf switch
)
("C:\Program Files\MiKTeX 2.9\tex\latex\ifetex\ifetex.sty"
Package: ifetex 2018/03/31 v1.2a ifetex

("C:\Program Files\MiKTeX 2.9\tex\plain\ifetex\ifetex.tex"))
("C:\Program Files\MiKTeX 2.9\tex\generic\ifxetex\ifxetex.sty"
Package: ifxetex 2010/09/12 v0.6 Provides ifxetex conditional
)
("C:\Program Files\MiKTeX 2.9\tex\generic\oberdiek\ifluatex.sty"
Package: ifluatex 2016/05/16 v1.4 Provides the ifluatex switch (HO)
Package ifluatex Info: LuaTeX not detected.
)
\stockheight=\skip44
\stockwidth=\skip45
\trimtop=\skip46
\trimedge=\skip47

("C:\Program Files\MiKTeX 2.9\tex\latex\memoir\mem12.clo"
File: mem12.clo 2010/10/19 v0.4b memoir class 12pt size option
)
\binding=\skip48
\spinemargin=\skip49
\foremargin=\skip50
\uppermargin=\skip51
\lowermargin=\skip52
\headdrop=\skip53
\normalrulethickness=\skip54
\mem@maxheadheight=\skip55
\mem@maxfootheight=\skip56
\headwidth=\skip57
\c@storedpagenumber=\count82
\memPD=\dimen102
\m@mabparskip=\skip58
\thanksmarkwidth=\skip59
\thanksmarksep=\skip60
\droptitle=\skip61
\c@book=\count83
\c@part=\count84
\c@chapter=\count85
\c@section=\count86
\c@subsection=\count87
\c@subsubsection=\count88
\c@paragraph=\count89
\c@subparagraph=\count90
\beforechapskip=\skip62
\midchapskip=\skip63
\afterchapskip=\skip64
\chapindent=\skip65
\bottomsectionskip=\skip66
\secindent=\skip67
\beforesecskip=\skip68
\aftersecskip=\skip69
\subsecindent=\skip70
\beforesubsecskip=\skip71
\aftersubsecskip=\skip72
\subsubsecindent=\skip73
\beforesubsubsecskip=\skip74
\aftersubsubsecskip=\skip75
\paraindent=\skip76
\beforeparaskip=\skip77
\afterparaskip=\skip78
\subparaindent=\skip79
\beforesubparaskip=\skip80
\aftersubparaskip=\skip81
\pfbreakskip=\skip82
\c@@ppsavesec=\count91
\c@@ppsaveapp=\count92
\ragrparindent=\dimen103
\everylistparindent=\dimen104
\parsepi=\skip83
\topsepi=\skip84
\itemsepi=\skip85
\parsepii=\skip86
\topsepii=\skip87
\topsepiii=\skip88
\itemsepii=\skip89
\itemsepiii=\skip90
\partopsepii=\skip91
\partopsepiii=\skip92
\m@msavetopsep=\skip93
\m@msavepartopsep=\skip94
\@enLab=\toks14
\abstitleskip=\skip95
\absleftindent=\skip96
\abs@leftindent=\dimen105
\absrightindent=\skip97
\absparindent=\skip98
\absparsep=\skip99
\c@vslineno=\count93
\c@poemline=\count94
\c@modulo@vs=\count95
\c@memfvsline=\count96
\vleftskip=\skip100
\vrightskip=\skip101
\stanzaskip=\skip102
\versewidth=\skip103
\vgap=\skip104
\vindent=\skip105
\vleftmargin=\dimen106
\c@verse=\count97
\c@chrsinstr=\count98
\beforepoemtitleskip=\skip106
\afterpoemtitleskip=\skip107
\c@poem=\count99
\beforePoemTitleskip=\skip108
\midPoemTitleskip=\skip109
\afterPoemTitleskip=\skip110
\col@sep=\dimen107
\extrarowheight=\dimen108
\NC@list=\toks15
\extratabsurround=\skip111
\backup@length=\skip112
\TX@col@width=\dimen109
\TX@old@table=\dimen110
\TX@old@col=\dimen111
\TX@target=\dimen112
\TX@delta=\dimen113
\TX@cols=\count100
\TX@ftn=\toks16
\heavyrulewidth=\dimen114
\lightrulewidth=\dimen115
\cmidrulewidth=\dimen116
\belowrulesep=\dimen117
\belowbottomsep=\dimen118
\aboverulesep=\dimen119
\abovetopsep=\dimen120
\cmidrulesep=\dimen121
\cmidrulekern=\dimen122
\defaultaddspace=\dimen123
\@cmidla=\count101
\@cmidlb=\count102
\@aboverulesep=\dimen124
\@belowrulesep=\dimen125
\@thisruleclass=\count103
\@lastruleclass=\count104
\@thisrulewidth=\dimen126
\ctableftskip=\skip113
\ctabrightskip=\skip114
\abovecolumnspenalty=\count105
\@linestogo=\count106
\@cellstogo=\count107
\@cellsincolumn=\count108
\crtok=\toks17
\@mincolumnwidth=\dimen127
\c@newflo@tctr=\count109
\mem@margin@floatbox=\box26
\@contcwidth=\skip115
\@contindw=\skip116
\abovecaptionskip=\skip117
\belowcaptionskip=\skip118
\subfloattopskip=\skip119
\subfloatcapskip=\skip120
\subfloatcaptopadj=\skip121
\subfloatbottomskip=\skip122
\subfloatlabelskip=\skip123
\subfloatcapmargin=\dimen128
\c@@contsubnum=\count110
\m@mscap@capbox=\box27
\m@mscap@fbox=\box28
\sidecapsep=\dimen129
\sidecapwidth=\dimen130
\m@m@tempdima=\dimen131
\m@mscapraise=\dimen132
\sidecapraise=\dimen133
\m@mscapmainwidth=\dimen134
\m@mscaplkern=\dimen135
\beforeepigraphskip=\skip124
\afterepigraphskip=\skip125
\epigraphwidth=\skip126
\epigraphrule=\skip127
LaTeX Info: Redefining \em on input line 7578.
LaTeX Info: Redefining \emph on input line 7586.
\tocentryskip=\skip128
\tocbaseline=\skip129
\cftparskip=\skip130
\cftbeforebookskip=\skip131
\cftbookindent=\dimen136
\cftbooknumwidth=\dimen137
\cftbeforepartskip=\skip132
\cftpartindent=\skip133
\cftpartnumwidth=\skip134
\cftbeforechapterskip=\skip135
\cftchapterindent=\skip136
\cftchapternumwidth=\skip137
\cftbeforesectionskip=\skip138
\cftsectionindent=\skip139
\cftsectionnumwidth=\skip140
\cftbeforesubsectionskip=\skip141
\cftsubsectionindent=\skip142
\cftsubsectionnumwidth=\skip143
\cftbeforesubsubsectionskip=\skip144
\cftsubsubsectionindent=\skip145
\cftsubsubsectionnumwidth=\skip146
\cftbeforeparagraphskip=\skip147
\cftparagraphindent=\skip148
\cftparagraphnumwidth=\skip149
\cftbeforesubparagraphskip=\skip150
\cftsubparagraphindent=\skip151
\cftsubparagraphnumwidth=\skip152
\prechapterprecisshift=\dimen138
\c@maxsecnumdepth=\count111
\bibindent=\dimen139
\bibitemsep=\skip153
\indexcolsep=\skip154
\indexrule=\skip155
\indexmarkstyle=\toks18
\@indexbox=\insert199
\glossarycolsep=\dimen140
\glossaryrule=\dimen141
\sideparvshift=\skip156
\sideins=\insert198
\sidebartopsep=\skip157
\sidebarhsep=\skip158
\sidebarvsep=\skip159
\sidebarwidth=\skip160
\footmarkwidth=\skip161
\footmarksep=\skip162
\footparindent=\skip163
\footinsdim=\skip164
\footinsv@r=\insert197
\@mpfootinsv@r=\insert196
\m@m@k=\count112
\m@m@h=\dimen142
\m@mipn@skip=\skip165
\sidefootins=\insert195
\sidefootadjust=\skip166
\sidefootheight=\skip167
\sidefoothsep=\skip168
\sidefootvsep=\skip169
\sidefootwidth=\skip170
\m@mdownsf=\skip171
\c@sidefootnote=\count113
\sidefootmarkwidth=\skip172
\sidefootmarksep=\skip173
\sidefootparindent=\skip174
\c@pagenote=\count114
\c@pagenoteshadow=\count115
\mem@pn@lastkern=\skip175
\every@verbatim=\toks19
\afterevery@verbatim=\toks20
\verbatim@line=\toks21
\tab@position=\count116
\verbatim@in@stream=\read1
\verbatimindent=\skip176
\verbatim@out=\write3
\bvboxsep=\skip177
\c@memfbvline=\count117
\c@bvlinectr=\count118
\bvnumlength=\skip178
\fb@frw=\dimen143
\fb@frh=\dimen144
\FrameRule=\dimen145
\FrameSep=\dimen146
\c@cp@cntr=\count119
LaTeX Info: Redefining \: on input line 12100.
LaTeX Info: Redefining \! on input line 12102.
\c@ism@mctr=\count120
\c@xsm@mctr=\count121
\c@csm@mctr=\count122
\c@ksm@mctr=\count123
\c@xksm@mctr=\count124
\c@cksm@mctr=\count125
\c@msm@mctr=\count126
\c@xmsm@mctr=\count127
\c@cmsm@mctr=\count128
\c@bsm@mctr=\count129
\c@workm@mctr=\count130
\c@sheetsequence=\count131
\c@lastsheet=\count132
\c@lastpage=\count133
\c@figure=\count134
\c@lofdepth=\count135
\cftbeforefigureskip=\skip179
\cftfigureindent=\skip180
\cftfigurenumwidth=\skip181
\c@table=\count136
\c@lotdepth=\count137
\cftbeforetableskip=\skip182
\cfttableindent=\skip183
\cfttablenumwidth=\skip184
Package abstract [2008/07/23] emulated by memoir.
Package appendix [2008/07/23] emulated by memoir.
Package array [2016/10/06] emulated by memoir.
Package booktabs [2016/05/16] emulated by memoir.
Package ccaption [2008/07/23] emulated by memoir.
Package changepage [2008/07/23] emulated by memoir.
Package chngcntr [2008/07/23] emulated by memoir.
Package chngpage [2008/07/23] emulated by memoir.
Package crop emulated by memoir.
Package dcolumn [2008/07/23] emulated by memoir.
Package delarray [2014/10/28] emulated by memoir.
Package enumerate [2008/07/23] emulated by memoir.
Package epigraph [2008/07/23] emulated by memoir.
Package ifmtarg [2008/07/23] emulated by memoir.
Package index [2008/07/23] emulated by memoir.
Package makeidx [2008/07/23] emulated by memoir.
Package moreverb [2008/07/23] emulated by memoir.
Package mparhack [2008/07/23] emulated by memoir.
Package needspace [2008/07/23] emulated by memoir.
Package newfile [2008/07/23] emulated by memoir.
Package nextpage [2008/07/23] emulated by memoir.
Package pagenote [2008/07/23] emulated by memoir.
Package parskip [2008/07/23] emulated by memoir.
Package patchcmd [2008/07/23] emulated by memoir.
Package setspace [2008/07/23] emulated by memoir.
Package shortvrb [2008/07/23] emulated by memoir.
Package showidx [2008/07/23] emulated by memoir.
Package tabularx [2016/02/03] emulated by memoir.
Package titleref [2008/07/23] emulated by memoir.
Package titling [2008/07/23] emulated by memoir.
Package tocbibind [2008/07/23] emulated by memoir.
Package tocloft [2008/07/23] emulated by memoir.
Package tocvsec2 [2008/07/23] emulated by memoir.
Package verbatim [2008/07/23] emulated by memoir.
Package verse [2008/07/23] emulated by memoir.
)
("C:\Program Files\MiKTeX 2.9\tex\latex\textcase\textcase.sty"
Package: textcase 2004/10/07 v0.07 Text only upper/lower case changing (DPC)
LaTeX Info: Redefining \MakeTextUppercase on input line 47.
LaTeX Info: Redefining \MakeTextLowercase on input line 50.
)
("C:\Program Files\MiKTeX 2.9\tex\latex\hyperref\hyperref.sty"
Package: hyperref 2018/09/30 v6.88a Hypertext links for LaTeX

("C:\Program Files\MiKTeX 2.9\tex\generic\oberdiek\hobsub-hyperref.sty"
Package: hobsub-hyperref 2016/05/16 v1.14 Bundle oberdiek, subset hyperref (HO)


("C:\Program Files\MiKTeX 2.9\tex\generic\oberdiek\hobsub-generic.sty"
Package: hobsub-generic 2016/05/16 v1.14 Bundle oberdiek, subset generic (HO)
Package: hobsub 2016/05/16 v1.14 Construct package bundles (HO)
Package: infwarerr 2016/05/16 v1.4 Providing info/warning/error messages (HO)
Package: ltxcmds 2016/05/16 v1.23 LaTeX kernel commands for general use (HO)
Package hobsub Info: Skipping package `ifluatex' (already loaded).
Package: ifvtex 2016/05/16 v1.6 Detect VTeX and its facilities (HO)
Package ifvtex Info: VTeX not detected.
Package: intcalc 2016/05/16 v1.2 Expandable calculations with integers (HO)
Package hobsub Info: Skipping package `ifpdf' (already loaded).
Package: etexcmds 2016/05/16 v1.6 Avoid name clashes with e-TeX commands (HO)
Package etexcmds Info: Could not find \expanded.
(etexcmds)             That can mean that you are not using pdfTeX 1.50 or
(etexcmds)             that some package has redefined \expanded.
(etexcmds)             In the latter case, load this package earlier.
Package: kvsetkeys 2016/05/16 v1.17 Key value parser (HO)
Package: kvdefinekeys 2016/05/16 v1.4 Define keys (HO)
Package: pdftexcmds 2018/09/10 v0.29 Utility functions of pdfTeX for LuaTeX (HO
)
Package pdftexcmds Info: LuaTeX not detected.
Package pdftexcmds Info: \pdf@primitive is available.
Package pdftexcmds Info: \pdf@ifprimitive is available.
Package pdftexcmds Info: \pdfdraftmode found.
Package: pdfescape 2016/05/16 v1.14 Implements pdfTeX's escape features (HO)
Package: bigintcalc 2016/05/16 v1.4 Expandable calculations on big integers (HO
)
Package: bitset 2016/05/16 v1.2 Handle bit-vector datatype (HO)
Package: uniquecounter 2016/05/16 v1.3 Provide unlimited unique counter (HO)
)
Package hobsub Info: Skipping package `hobsub' (already loaded).
Package: letltxmacro 2016/05/16 v1.5 Let assignment for LaTeX macros (HO)
Package: hopatch 2016/05/16 v1.3 Wrapper for package hooks (HO)
Package: xcolor-patch 2016/05/16 xcolor patch
Package: atveryend 2016/05/16 v1.9 Hooks at the very end of document (HO)
Package atveryend Info: \enddocument detected (standard20110627).
Package: atbegshi 2016/06/09 v1.18 At begin shipout hook (HO)
Package: refcount 2016/05/16 v3.5 Data extraction from label references (HO)
Package: hycolor 2016/05/16 v1.8 Color options for hyperref/bookmark (HO)
)
("C:\Program Files\MiKTeX 2.9\tex\latex\graphics\keyval.sty"
Package: keyval 2014/10/28 v1.15 key=value parser (DPC)
\KV@toks@=\toks22
)
("C:\Program Files\MiKTeX 2.9\tex\latex\oberdiek\auxhook.sty"
Package: auxhook 2016/05/16 v1.4 Hooks for auxiliary files (HO)
)
("C:\Program Files\MiKTeX 2.9\tex\latex\oberdiek\kvoptions.sty"
Package: kvoptions 2016/05/16 v3.12 Key value format for package options (HO)
)
\@linkdim=\dimen147
\Hy@linkcounter=\count138
\Hy@pagecounter=\count139

("C:\Program Files\MiKTeX 2.9\tex\latex\hyperref\pd1enc.def"
File: pd1enc.def 2018/09/30 v6.88a Hyperref: PDFDocEncoding definition (HO)
Now handling font encoding PD1 ...
... no UTF-8 mapping file for font encoding PD1
)
\Hy@SavedSpaceFactor=\count140

("C:\Program Files\MiKTeX 2.9\tex\latex\00miktex\hyperref.cfg"
File: hyperref.cfg 2002/06/06 v1.2 hyperref configuration of TeXLive
)
Package hyperref Info: Hyper figures OFF on input line 4535.
Package hyperref Info: Link nesting OFF on input line 4540.
Package hyperref Info: Hyper index ON on input line 4543.
Package hyperref Info: Plain pages OFF on input line 4550.
Package hyperref Info: Backreferencing OFF on input line 4555.
Package hyperref Info: Implicit mode ON; LaTeX internals redefined.
Package hyperref Info: Bookmarks ON on input line 4788.
\c@Hy@tempcnt=\count141

("C:\Program Files\MiKTeX 2.9\tex\latex\url\url.sty"
\Urlmuskip=\muskip10
Package: url 2013/09/16  ver 3.4  Verb mode for urls, etc.
)
LaTeX Info: Redefining \url on input line 5141.
\XeTeXLinkMargin=\dimen148
\Fld@menulength=\count142
\Field@Width=\dimen149
\Fld@charsize=\dimen150
Package hyperref Info: Hyper figures OFF on input line 6396.
Package hyperref Info: Link nesting OFF on input line 6401.
Package hyperref Info: Hyper index ON on input line 6404.
Package hyperref Info: backreferencing OFF on input line 6411.
Package hyperref Info: Link coloring OFF on input line 6416.
Package hyperref Info: Link coloring with OCG OFF on input line 6421.
Package hyperref Info: PDF/A mode OFF on input line 6426.
LaTeX Info: Redefining \ref on input line 6466.
LaTeX Info: Redefining \pageref on input line 6470.
\Hy@abspage=\count143
\c@Item=\count144
\c@Hfootnote=\count145
)
("C:\Program Files\MiKTeX 2.9\tex\latex\memoir\memhfixc.sty"
Package: memhfixc 2013/05/30 v1.17 nameref/hyperref package fixes for memoir cl
ass
\c@memhycontfloat=\count146
\c@Hpagenote=\count147
)
Package hyperref Info: Driver (autodetected): hpdftex.

("C:\Program Files\MiKTeX 2.9\tex\latex\hyperref\hpdftex.def"
File: hpdftex.def 2018/09/30 v6.88a Hyperref driver for pdfTeX
\Fld@listcount=\count148
\c@bookmark@seq@number=\count149

("C:\Program Files\MiKTeX 2.9\tex\latex\oberdiek\rerunfilecheck.sty"
Package: rerunfilecheck 2016/05/16 v1.8 Rerun checks for auxiliary files (HO)
Package uniquecounter Info: New unique counter `rerunfilecheck' on input line 2
82.
)
\Hy@SectionHShift=\skip185
)
("C:\Program Files\MiKTeX 2.9\tex\latex\oberdiek\bookmark.sty"
Package: bookmark 2016/05/17 v1.26 PDF bookmarks (HO)

("C:\Program Files\MiKTeX 2.9\tex\latex\oberdiek\bkm-pdftex.def"
File: bkm-pdftex.def 2016/05/17 v1.26 bookmark driver for pdfTeX (HO)
\BKM@id=\count150
))
("C:\Program Files\MiKTeX 2.9\tex\generic\babel\babel.sty"
Package: babel 2018/09/26 3.24 The Babel package

("C:\Program Files\MiKTeX 2.9\tex\generic\babel\switch.def"
File: switch.def 2018/09/26 3.24 Babel switching mechanism
)
*************************************
* Local config file bblopts.cfg used
*
("C:\Program Files\MiKTeX 2.9\tex\latex\arabi\bblopts.cfg"
File: bblopts.cfg 2005/09/08 v0.1 add Arabic and Farsi to "declared" options of
 babel
)
("C:\Program Files\MiKTeX 2.9\tex\latex\babel-english\english.ldf"
Language: english 2017/06/06 v3.3r English support from the babel system

("C:\Program Files\MiKTeX 2.9\tex\generic\babel\babel.def"
File: babel.def 2018/09/26 3.24 Babel common definitions
\babel@savecnt=\count151
\U@D=\dimen151

("C:\Program Files\MiKTeX 2.9\tex\generic\babel\txtbabel.def")
\bbl@dirlevel=\count152
)
\l@canadian = a dialect from \language\l@american 
\l@australian = a dialect from \language\l@british 
\l@newzealand = a dialect from \language\l@british 
)
("C:\Program Files\MiKTeX 2.9\tex\latex\babel-portuges\portuges.ldf"
Language: portuges 2008/03/18 v1.2q Portuguese support from the babel system
\l@brazil = a dialect from \language\l@portuges 
Package babel Info: Making " an active character on input line 145.
))
("C:\Program Files\MiKTeX 2.9\tex\latex\enumitem\enumitem.sty"
Package: enumitem 2011/09/28 v3.5.2 Customized lists
\labelindent=\skip186
\enit@outerparindent=\dimen152
\enit@toks=\toks23
\enit@inbox=\box29
\enitdp@description=\count153
)
("C:\Program Files\MiKTeX 2.9\tex\latex\tools\calc.sty"
Package: calc 2017/05/25 v4.3 Infix arithmetic (KKT,FJ)
\calc@Acount=\count154
\calc@Bcount=\count155
\calc@Adimen=\dimen153
\calc@Bdimen=\dimen154
\calc@Askip=\skip187
\calc@Bskip=\skip188
LaTeX Info: Redefining \setlength on input line 80.
LaTeX Info: Redefining \addtolength on input line 81.
\calc@Ccount=\count156
\calc@Cskip=\skip189
)

******************************************************
Stock height and width: 845.04684pt by 597.50787pt
Top and edge trims: 0pt and 0pt
Page height and width: 845.04684pt by 597.50787pt
Text height and width: 708pt by 455pt
Spine and edge margins: 85.35826pt and 56.9055pt
Upper and lower margins: 85.35826pt and 51.68858pt
Headheight and headsep: 14.5pt and 19.8738pt
Footskip: 30pt
Columnsep and columnseprule: 10pt and 0pt
Marginparsep and marginparwidth: 7pt and 42.9055pt
Sidecapsep and sidecapwidth: 7pt and 42pt
Sidebarhsep and sidebarwidth: 7pt and 42pt
Sidebarvsep and sidebartopsep: 14.5pt and 0pt
Sidebarheight: 590.14995pt
Sidefoothsep and sidefootwidth: 7pt and 42pt
Sidefootvsep and sidefootheight: 14.5pt and 590.14995pt
******************************************************

\c@abntex@bookmarkcounter=\count157
\cftlastnumwidth=\skip190
\chapternamenumlength=\skip191
\ABNTEXcitacaorecuo=\skip192
\c@alineasi=\count158
\c@alineasii=\count159
\enitdp@alineas=\count160
\c@subalineasi=\count161
\enitdp@subalineas=\count162
\c@incisosi=\count163
\enitdp@incisos=\count164
\ABNTEXsignwidth=\skip193
\ABNTEXsignthickness=\skip194
\ABNTEXsignskip=\skip256
) ("C:\Program Files\MiKTeX 2.9\tex\latex\etoolbox\etoolbox.sty"
Package: etoolbox 2018/08/19 v2.5f e-TeX tools for LaTeX (JAW)
\etb@tempcnta=\count165
)
("C:\Program Files\MiKTeX 2.9\tex\latex\listings\listings.sty"
\lst@mode=\count166
\lst@gtempboxa=\box30
\lst@token=\toks24
\lst@length=\count167
\lst@currlwidth=\dimen155
\lst@column=\count168
\lst@pos=\count169
\lst@lostspace=\dimen156
\lst@width=\dimen157
\lst@newlines=\count170
\lst@lineno=\count171
\lst@maxwidth=\dimen158

("C:\Program Files\MiKTeX 2.9\tex\latex\listings\lstmisc.sty"
File: lstmisc.sty 2018/09/02 1.7 (Carsten Heinz)
\c@lstnumber=\count172
\lst@skipnumbers=\count173
\lst@framebox=\box31
)
("C:\Program Files\MiKTeX 2.9\tex\latex\listings\listings.cfg"
File: listings.cfg 2018/09/02 1.7 listings configuration
))
Package: listings 2018/09/02 1.7 (Carsten Heinz)

("C:\Program Files\MiKTeX 2.9\tex\latex\graphics\color.sty"
Package: color 2016/07/10 v1.1e Standard LaTeX Color (DPC)

("C:\Program Files\MiKTeX 2.9\tex\latex\graphics-cfg\color.cfg"
File: color.cfg 2016/01/02 v1.6 sample color configuration
)
Package color Info: Driver file: pdftex.def on input line 147.

("C:\Program Files\MiKTeX 2.9\tex\latex\graphics-def\pdftex.def"
File: pdftex.def 2018/01/08 v1.0l Graphics/color driver for pdftex
))
("C:\Program Files\MiKTeX 2.9\tex\latex\lastpage\lastpage.sty"
Package: lastpage 2015/03/29 v1.2m Refers to last page's name (HMM; JPG)
)
("C:\Program Files\MiKTeX 2.9\tex\latex\arial\uarial.sty"
Package: uarial 2006/03/21 1.0 (WaS)
)

******************************************************
Stock height and width: 845.04684pt by 597.50787pt
Top and edge trims: 0pt and 0pt
Page height and width: 845.04684pt by 597.50787pt
Text height and width: 713.78398pt by 455pt
Spine and edge margins: 85.35826pt and 56.9055pt
Upper and lower margins: 85.35826pt and 45.9046pt
Headheight and headsep: 14.5pt and 19.8738pt
Footskip: 30pt
Columnsep and columnseprule: 10pt and 0pt
Marginparsep and marginparwidth: 7pt and 42.9055pt
Sidecapsep and sidecapwidth: 7pt and 42pt
Sidebarhsep and sidebarwidth: 7pt and 42pt
Sidebarvsep and sidebartopsep: 14.5pt and 0pt
Sidebarheight: 590.14995pt
Sidefoothsep and sidefootwidth: 7pt and 42pt
Sidefootvsep and sidefootheight: 14.5pt and 590.14995pt
******************************************************

\c@theorem=\count174
Success: Patch 'l@part' to uppercase part-level headings in the table of conten
ts.
Success: Patch 'l@chapapp' to uppercase part-level headings in the table of con
tents.
Fail: Patch 'l@section' to uppercase part-level headings in the table of conten
ts.
Fail: Patch 'l@subsection' to uppercase part-level headings in the table of con
tents.
\c@grafico=\count175
\c@logrdepth=\count176
\cftbeforegraficoskip=\skip257
\cftgraficoindent=\skip258
\cftgraficonumwidth=\skip259
\cftbeforelstlistingskip=\skip260
\cftlstlistingindent=\skip261
\cftlstlistingnumwidth=\skip262
Package color Info: Redefining color blue on input line 474.
) ("C:\Program Files\MiKTeX 2.9\tex\latex\cmap\cmap.sty"
Package: cmap 2008/03/06 v1.0h CMap support: searchable PDF
)
("C:\Program Files\MiKTeX 2.9\tex\latex\base\fontenc.sty"
Package: fontenc 2017/04/05 v2.0i Standard LaTeX package

("C:\Program Files\MiKTeX 2.9\tex\latex\base\t1enc.def"
File: t1enc.def 2017/04/05 v2.0i Standard LaTeX file
LaTeX Font Info:    Redeclaring font encoding T1 on input line 48.
)<<t1.cmap>>)
("C:\Program Files\MiKTeX 2.9\tex\latex\base\inputenc.sty"
Package: inputenc 2018/04/06 v1.3b Input encoding file
\inpenc@prehook=\toks25
\inpenc@posthook=\toks26
)
("C:\Program Files\MiKTeX 2.9\tex\latex\tools\indentfirst.sty"
Package: indentfirst 1995/11/23 v1.03 Indent first paragraph (DPC)
)
("C:\Program Files\MiKTeX 2.9\tex\latex\graphics\graphicx.sty"
Package: graphicx 2017/06/01 v1.1a Enhanced LaTeX Graphics (DPC,SPQR)

("C:\Program Files\MiKTeX 2.9\tex\latex\graphics\graphics.sty"
Package: graphics 2017/06/25 v1.2c Standard LaTeX Graphics (DPC,SPQR)

("C:\Program Files\MiKTeX 2.9\tex\latex\graphics\trig.sty"
Package: trig 2016/01/03 v1.10 sin cos tan (DPC)
)
("C:\Program Files\MiKTeX 2.9\tex\latex\graphics-cfg\graphics.cfg"
File: graphics.cfg 2016/06/04 v1.11 sample graphics configuration
)
Package graphics Info: Driver file: pdftex.def on input line 99.
)
\Gin@req@height=\dimen159
\Gin@req@width=\dimen160
)
("C:\Program Files\MiKTeX 2.9\tex\latex\amsmath\amsmath.sty"
Package: amsmath 2017/09/02 v2.17a AMS math features
\@mathmargin=\skip263

For additional information on amsmath, use the `?' option.
("C:\Program Files\MiKTeX 2.9\tex\latex\amsmath\amstext.sty"
Package: amstext 2000/06/29 v2.01 AMS text

("C:\Program Files\MiKTeX 2.9\tex\latex\amsmath\amsgen.sty"
File: amsgen.sty 1999/11/30 v2.0 generic functions
\@emptytoks=\toks27
\ex@=\dimen161
))
("C:\Program Files\MiKTeX 2.9\tex\latex\amsmath\amsbsy.sty"
Package: amsbsy 1999/11/29 v1.2d Bold Symbols
\pmbraise@=\dimen162
)
("C:\Program Files\MiKTeX 2.9\tex\latex\amsmath\amsopn.sty"
Package: amsopn 2016/03/08 v2.02 operator names
)
\inf@bad=\count177
LaTeX Info: Redefining \frac on input line 213.
\uproot@=\count178
\leftroot@=\count179
LaTeX Info: Redefining \overline on input line 375.
\classnum@=\count180
\DOTSCASE@=\count181
LaTeX Info: Redefining \ldots on input line 472.
LaTeX Info: Redefining \dots on input line 475.
LaTeX Info: Redefining \cdots on input line 596.
\Mathstrutbox@=\box32
\strutbox@=\box33
\big@size=\dimen163
LaTeX Font Info:    Redeclaring font encoding OML on input line 712.
LaTeX Font Info:    Redeclaring font encoding OMS on input line 713.
\macc@depth=\count182
\c@MaxMatrixCols=\count183
\dotsspace@=\muskip11
\c@parentequation=\count184
\dspbrk@lvl=\count185
\tag@help=\toks28
\row@=\count186
\column@=\count187
\maxfields@=\count188
\andhelp@=\toks29
\eqnshift@=\dimen164
\alignsep@=\dimen165
\tagshift@=\dimen166
\tagwidth@=\dimen167
\totwidth@=\dimen168
\lineht@=\dimen169
\@envbody=\toks30
\multlinegap=\skip264
\multlinetaggap=\skip265
\mathdisplay@stack=\toks31
LaTeX Info: Redefining \[ on input line 2817.
LaTeX Info: Redefining \] on input line 2818.
)
("C:\Program Files\MiKTeX 2.9\tex\latex\amsfonts\amssymb.sty"
Package: amssymb 2013/01/14 v3.01 AMS font symbols

("C:\Program Files\MiKTeX 2.9\tex\latex\amsfonts\amsfonts.sty"
Package: amsfonts 2013/01/14 v3.01 Basic AMSFonts support
\symAMSa=\mathgroup4
\symAMSb=\mathgroup5
LaTeX Font Info:    Overwriting math alphabet `\mathfrak' in version `bold'
(Font)                  U/euf/m/n --> U/euf/b/n on input line 106.
))
("C:\Program Files\MiKTeX 2.9\tex\latex\amscls\amsthm.sty"
Package: amsthm 2017/10/31 v2.20.4
\thm@style=\toks32
\thm@bodyfont=\toks33
\thm@headfont=\toks34
\thm@notefont=\toks35
\thm@headpunct=\toks36
\thm@preskip=\skip266
\thm@postskip=\skip267
\thm@headsep=\skip268
\dth@everypar=\toks37
)
("C:\Program Files\MiKTeX 2.9\tex\latex\hyphenat\hyphenat.sty"
Package: hyphenat 2009/09/02 v2.3c hyphenation utilities
\langwohyphens=\language76
LaTeX Info: Redefining \_ on input line 43.
)
("C:\Program Files\MiKTeX 2.9\tex\latex\abntex2\abntex2cite.sty"
Package: abntex2cite 2018/11/24 v-1.9.7 abnTeX2

("C:\Program Files\MiKTeX 2.9\tex\latex\abntex2\abntex2abrev.sty")
\minimumbiblabelwidth=\skip269
\ABCIauxlen=\skip270
\c@ABCIaux=\count189
\c@ABCImax=\count190

("C:\Program Files\MiKTeX 2.9\tex\latex\relsize\relsize.sty"
Package: relsize 2013/03/29 ver 4.1
)
\biblabelsep=\skip271
LaTeX Info: Redefining \newblock on input line 591.
LaTeX Info: Redefining \cite on input line 618.
\ABCItoken=\toks38
)
("C:\Program Files\MiKTeX 2.9\tex\latex\pgf\frontendlayer\tikz.sty"
("C:\Program Files\MiKTeX 2.9\tex\latex\pgf\basiclayer\pgf.sty"
("C:\Program Files\MiKTeX 2.9\tex\latex\pgf\utilities\pgfrcs.sty"
("C:\Program Files\MiKTeX 2.9\tex\generic\pgf\utilities\pgfutil-common.tex"
\pgfutil@everybye=\toks39
\pgfutil@tempdima=\dimen170
\pgfutil@tempdimb=\dimen171

("C:\Program Files\MiKTeX 2.9\tex\generic\pgf\utilities\pgfutil-common-lists.te
x")) ("C:\Program Files\MiKTeX 2.9\tex\generic\pgf\utilities\pgfutil-latex.def"
\pgfutil@abb=\box34
("C:\Program Files\MiKTeX 2.9\tex\latex\ms\everyshi.sty"
Package: everyshi 2001/05/15 v3.00 EveryShipout Package (MS)
))
("C:\Program Files\MiKTeX 2.9\tex\generic\pgf\utilities\pgfrcs.code.tex"
Package: pgfrcs 2015/08/07 v3.0.1a (rcs-revision 1.31)
))
Package: pgf 2015/08/07 v3.0.1a (rcs-revision 1.15)

("C:\Program Files\MiKTeX 2.9\tex\latex\pgf\basiclayer\pgfcore.sty"
("C:\Program Files\MiKTeX 2.9\tex\latex\pgf\systemlayer\pgfsys.sty"
("C:\Program Files\MiKTeX 2.9\tex\generic\pgf\systemlayer\pgfsys.code.tex"
Package: pgfsys 2014/07/09 v3.0.1a (rcs-revision 1.48)

("C:\Program Files\MiKTeX 2.9\tex\generic\pgf\utilities\pgfkeys.code.tex"
\pgfkeys@pathtoks=\toks40
\pgfkeys@temptoks=\toks41

("C:\Program Files\MiKTeX 2.9\tex\generic\pgf\utilities\pgfkeysfiltered.code.te
x"
\pgfkeys@tmptoks=\toks42
))
\pgf@x=\dimen172
\pgf@y=\dimen173
\pgf@xa=\dimen174
\pgf@ya=\dimen175
\pgf@xb=\dimen176
\pgf@yb=\dimen177
\pgf@xc=\dimen178
\pgf@yc=\dimen179
\w@pgf@writea=\write4
\r@pgf@reada=\read2
\c@pgf@counta=\count191
\c@pgf@countb=\count192
\c@pgf@countc=\count193
\c@pgf@countd=\count194
\t@pgf@toka=\toks43
\t@pgf@tokb=\toks44
\t@pgf@tokc=\toks45
 ("C:\Program Files\MiKTeX 2.9\tex\generic\pgf\systemlayer\pgf.cfg"
File: pgf.cfg 2008/05/14  (rcs-revision 1.7)
)
Driver file for pgf: pgfsys-pdftex.def

("C:\Program Files\MiKTeX 2.9\tex\generic\pgf\systemlayer\pgfsys-pdftex.def"
File: pgfsys-pdftex.def 2014/10/11  (rcs-revision 1.35)

("C:\Program Files\MiKTeX 2.9\tex\generic\pgf\systemlayer\pgfsys-common-pdf.def
"
File: pgfsys-common-pdf.def 2013/10/10  (rcs-revision 1.13)
)))
("C:\Program Files\MiKTeX 2.9\tex\generic\pgf\systemlayer\pgfsyssoftpath.code.t
ex"
File: pgfsyssoftpath.code.tex 2013/09/09  (rcs-revision 1.9)
\pgfsyssoftpath@smallbuffer@items=\count266
\pgfsyssoftpath@bigbuffer@items=\count267
)
("C:\Program Files\MiKTeX 2.9\tex\generic\pgf\systemlayer\pgfsysprotocol.code.t
ex"
File: pgfsysprotocol.code.tex 2006/10/16  (rcs-revision 1.4)
)) ("C:\Program Files\MiKTeX 2.9\tex\latex\xcolor\xcolor.sty"
Package: xcolor 2016/05/11 v2.12 LaTeX color extensions (UK)

("C:\Program Files\MiKTeX 2.9\tex\latex\graphics-cfg\color.cfg"
File: color.cfg 2016/01/02 v1.6 sample color configuration
)
Package xcolor Info: Driver file: pdftex.def on input line 225.
LaTeX Info: Redefining \color on input line 709.
Package xcolor Info: Model `cmy' substituted by `cmy0' on input line 1348.
Package xcolor Info: Model `hsb' substituted by `rgb' on input line 1352.
Package xcolor Info: Model `RGB' extended on input line 1364.
Package xcolor Info: Model `HTML' substituted by `rgb' on input line 1366.
Package xcolor Info: Model `Hsb' substituted by `hsb' on input line 1367.
Package xcolor Info: Model `tHsb' substituted by `hsb' on input line 1368.
Package xcolor Info: Model `HSB' substituted by `hsb' on input line 1369.
Package xcolor Info: Model `Gray' substituted by `gray' on input line 1370.
Package xcolor Info: Model `wave' substituted by `hsb' on input line 1371.
)
("C:\Program Files\MiKTeX 2.9\tex\generic\pgf\basiclayer\pgfcore.code.tex"
Package: pgfcore 2010/04/11 v3.0.1a (rcs-revision 1.7)

("C:\Program Files\MiKTeX 2.9\tex\generic\pgf\math\pgfmath.code.tex"
("C:\Program Files\MiKTeX 2.9\tex\generic\pgf\math\pgfmathcalc.code.tex"
("C:\Program Files\MiKTeX 2.9\tex\generic\pgf\math\pgfmathutil.code.tex")
("C:\Program Files\MiKTeX 2.9\tex\generic\pgf\math\pgfmathparser.code.tex"
\pgfmath@dimen=\dimen180
\pgfmath@count=\count268
\pgfmath@box=\box35
\pgfmath@toks=\toks46
\pgfmath@stack@operand=\toks47
\pgfmath@stack@operation=\toks48
)
("C:\Program Files\MiKTeX 2.9\tex\generic\pgf\math\pgfmathfunctions.code.tex"
("C:\Program Files\MiKTeX 2.9\tex\generic\pgf\math\pgfmathfunctions.basic.code.
tex")
("C:\Program Files\MiKTeX 2.9\tex\generic\pgf\math\pgfmathfunctions.trigonometr
ic.code.tex")
("C:\Program Files\MiKTeX 2.9\tex\generic\pgf\math\pgfmathfunctions.random.code
.tex")
("C:\Program Files\MiKTeX 2.9\tex\generic\pgf\math\pgfmathfunctions.comparison.
code.tex")
("C:\Program Files\MiKTeX 2.9\tex\generic\pgf\math\pgfmathfunctions.base.code.t
ex")
("C:\Program Files\MiKTeX 2.9\tex\generic\pgf\math\pgfmathfunctions.round.code.
tex")
("C:\Program Files\MiKTeX 2.9\tex\generic\pgf\math\pgfmathfunctions.misc.code.t
ex")
("C:\Program Files\MiKTeX 2.9\tex\generic\pgf\math\pgfmathfunctions.integerarit
hmetics.code.tex")))
("C:\Program Files\MiKTeX 2.9\tex\generic\pgf\math\pgfmathfloat.code.tex"
\c@pgfmathroundto@lastzeros=\count269
))
("C:\Program Files\MiKTeX 2.9\tex\generic\pgf\basiclayer\pgfcorepoints.code.tex
"
File: pgfcorepoints.code.tex 2013/10/07  (rcs-revision 1.27)
\pgf@picminx=\dimen181
\pgf@picmaxx=\dimen182
\pgf@picminy=\dimen183
\pgf@picmaxy=\dimen184
\pgf@pathminx=\dimen185
\pgf@pathmaxx=\dimen186
\pgf@pathminy=\dimen187
\pgf@pathmaxy=\dimen188
\pgf@xx=\dimen189
\pgf@xy=\dimen190
\pgf@yx=\dimen191
\pgf@yy=\dimen192
\pgf@zx=\dimen193
\pgf@zy=\dimen194
)
("C:\Program Files\MiKTeX 2.9\tex\generic\pgf\basiclayer\pgfcorepathconstruct.c
ode.tex"
File: pgfcorepathconstruct.code.tex 2013/10/07  (rcs-revision 1.29)
\pgf@path@lastx=\dimen256
\pgf@path@lasty=\dimen257
)
("C:\Program Files\MiKTeX 2.9\tex\generic\pgf\basiclayer\pgfcorepathusage.code.
tex"
File: pgfcorepathusage.code.tex 2014/11/02  (rcs-revision 1.24)
\pgf@shorten@end@additional=\dimen258
\pgf@shorten@start@additional=\dimen259
)
("C:\Program Files\MiKTeX 2.9\tex\generic\pgf\basiclayer\pgfcorescopes.code.tex
"
File: pgfcorescopes.code.tex 2015/05/08  (rcs-revision 1.46)
\pgfpic=\box36
\pgf@hbox=\box37
\pgf@layerbox@main=\box38
\pgf@picture@serial@count=\count270
)
("C:\Program Files\MiKTeX 2.9\tex\generic\pgf\basiclayer\pgfcoregraphicstate.co
de.tex"
File: pgfcoregraphicstate.code.tex 2014/11/02  (rcs-revision 1.12)
\pgflinewidth=\dimen260
)
("C:\Program Files\MiKTeX 2.9\tex\generic\pgf\basiclayer\pgfcoretransformations
.code.tex"
File: pgfcoretransformations.code.tex 2015/08/07  (rcs-revision 1.20)
\pgf@pt@x=\dimen261
\pgf@pt@y=\dimen262
\pgf@pt@temp=\dimen263
)
("C:\Program Files\MiKTeX 2.9\tex\generic\pgf\basiclayer\pgfcorequick.code.tex"
File: pgfcorequick.code.tex 2008/10/09  (rcs-revision 1.3)
)
("C:\Program Files\MiKTeX 2.9\tex\generic\pgf\basiclayer\pgfcoreobjects.code.te
x"
File: pgfcoreobjects.code.tex 2006/10/11  (rcs-revision 1.2)
)
("C:\Program Files\MiKTeX 2.9\tex\generic\pgf\basiclayer\pgfcorepathprocessing.
code.tex"
File: pgfcorepathprocessing.code.tex 2013/09/09  (rcs-revision 1.9)
)
("C:\Program Files\MiKTeX 2.9\tex\generic\pgf\basiclayer\pgfcorearrows.code.tex
"
File: pgfcorearrows.code.tex 2015/05/14  (rcs-revision 1.43)
\pgfarrowsep=\dimen264
)
("C:\Program Files\MiKTeX 2.9\tex\generic\pgf\basiclayer\pgfcoreshade.code.tex"
File: pgfcoreshade.code.tex 2013/07/15  (rcs-revision 1.15)
\pgf@max=\dimen265
\pgf@sys@shading@range@num=\count271
) ("C:\Program Files\MiKTeX 2.9\tex\generic\pgf\basiclayer\pgfcoreimage.code.te
x"
File: pgfcoreimage.code.tex 2013/07/15  (rcs-revision 1.18)

("C:\Program Files\MiKTeX 2.9\tex\generic\pgf\basiclayer\pgfcoreexternal.code.t
ex"
File: pgfcoreexternal.code.tex 2014/07/09  (rcs-revision 1.21)
\pgfexternal@startupbox=\box39
))
("C:\Program Files\MiKTeX 2.9\tex\generic\pgf\basiclayer\pgfcorelayers.code.tex
"
File: pgfcorelayers.code.tex 2013/07/18  (rcs-revision 1.7)
)
("C:\Program Files\MiKTeX 2.9\tex\generic\pgf\basiclayer\pgfcoretransparency.co
de.tex"
File: pgfcoretransparency.code.tex 2013/09/30  (rcs-revision 1.5)
)
("C:\Program Files\MiKTeX 2.9\tex\generic\pgf\basiclayer\pgfcorepatterns.code.t
ex"
File: pgfcorepatterns.code.tex 2013/11/07  (rcs-revision 1.5)
)))
("C:\Program Files\MiKTeX 2.9\tex\generic\pgf\modules\pgfmoduleshapes.code.tex"
File: pgfmoduleshapes.code.tex 2014/03/21  (rcs-revision 1.35)
\pgfnodeparttextbox=\box40
) ("C:\Program Files\MiKTeX 2.9\tex\generic\pgf\modules\pgfmoduleplot.code.tex"
File: pgfmoduleplot.code.tex 2015/08/03  (rcs-revision 1.13)
)
("C:\Program Files\MiKTeX 2.9\tex\latex\pgf\compatibility\pgfcomp-version-0-65.
sty"
Package: pgfcomp-version-0-65 2007/07/03 v3.0.1a (rcs-revision 1.7)
\pgf@nodesepstart=\dimen266
\pgf@nodesepend=\dimen267
)
("C:\Program Files\MiKTeX 2.9\tex\latex\pgf\compatibility\pgfcomp-version-1-18.
sty"
Package: pgfcomp-version-1-18 2007/07/23 v3.0.1a (rcs-revision 1.1)
)) ("C:\Program Files\MiKTeX 2.9\tex\latex\pgf\utilities\pgffor.sty"
("C:\Program Files\MiKTeX 2.9\tex\latex\pgf\utilities\pgfkeys.sty"
("C:\Program Files\MiKTeX 2.9\tex\generic\pgf\utilities\pgfkeys.code.tex"))
("C:\Program Files\MiKTeX 2.9\tex\latex\pgf\math\pgfmath.sty"
("C:\Program Files\MiKTeX 2.9\tex\generic\pgf\math\pgfmath.code.tex"))
("C:\Program Files\MiKTeX 2.9\tex\generic\pgf\utilities\pgffor.code.tex"
Package: pgffor 2013/12/13 v3.0.1a (rcs-revision 1.25)

("C:\Program Files\MiKTeX 2.9\tex\generic\pgf\math\pgfmath.code.tex")
\pgffor@iter=\dimen268
\pgffor@skip=\dimen269
\pgffor@stack=\toks49
\pgffor@toks=\toks50
))
("C:\Program Files\MiKTeX 2.9\tex\generic\pgf\frontendlayer\tikz\tikz.code.tex"
Package: tikz 2015/08/07 v3.0.1a (rcs-revision 1.151)

("C:\Program Files\MiKTeX 2.9\tex\generic\pgf\libraries\pgflibraryplothandlers.
code.tex"
File: pgflibraryplothandlers.code.tex 2013/08/31 v3.0.1a (rcs-revision 1.20)
\pgf@plot@mark@count=\count272
\pgfplotmarksize=\dimen270
)
\tikz@lastx=\dimen271
\tikz@lasty=\dimen272
\tikz@lastxsaved=\dimen273
\tikz@lastysaved=\dimen274
\tikzleveldistance=\dimen275
\tikzsiblingdistance=\dimen276
\tikz@figbox=\box41
\tikz@figbox@bg=\box42
\tikz@tempbox=\box43
\tikz@tempbox@bg=\box44
\tikztreelevel=\count273
\tikznumberofchildren=\count274
\tikznumberofcurrentchild=\count275
\tikz@fig@count=\count276

("C:\Program Files\MiKTeX 2.9\tex\generic\pgf\modules\pgfmodulematrix.code.tex"
File: pgfmodulematrix.code.tex 2013/09/17  (rcs-revision 1.8)
\pgfmatrixcurrentrow=\count277
\pgfmatrixcurrentcolumn=\count278
\pgf@matrix@numberofcolumns=\count279
)
\tikz@expandcount=\count280

("C:\Program Files\MiKTeX 2.9\tex\generic\pgf\frontendlayer\tikz\libraries\tikz
librarytopaths.code.tex"
File: tikzlibrarytopaths.code.tex 2008/06/17 v3.0.1a (rcs-revision 1.2)
)))
("C:\Program Files\MiKTeX 2.9\tex\latex\pgfplots\pgfplots.sty"
("C:\Program Files\MiKTeX 2.9\tex\generic\pgfplots\pgfplots.revision.tex")
Package: pgfplots 2018/03/28 v1.16 Data Visualization (1.16)

("C:\Program Files\MiKTeX 2.9\tex\generic\pgfplots\pgfplots.code.tex"
("C:\Program Files\MiKTeX 2.9\tex\generic\pgfplots\pgfplotscore.code.tex"
\t@pgfplots@toka=\toks51
\t@pgfplots@tokb=\toks52
\t@pgfplots@tokc=\toks53
\pgfplots@tmpa=\dimen277
\c@pgfplots@coordindex=\count281
\c@pgfplots@scanlineindex=\count282

("C:\Program Files\MiKTeX 2.9\tex\generic\pgfplots\sys\pgfplotssysgeneric.code.
tex"))
("C:\Program Files\MiKTeX 2.9\tex\generic\pgfplots\libs\pgfplotslibrary.code.te
x")
("C:\Program Files\MiKTeX 2.9\tex\generic\pgfplots\oldpgfcompatib\pgfplotsoldpg
fsupp_loader.code.tex"
("C:\Program Files\MiKTeX 2.9\tex\generic\pgf\libraries\pgflibraryfpu.code.tex"
)
Package pgfplots: loading complementary arithmetics for your pgf version...

("C:\Program Files\MiKTeX 2.9\tex\generic\pgfplots\oldpgfcompatib\pgfplotsoldpg
fsupp_pgflibraryfpu.code.tex")
("C:\Program Files\MiKTeX 2.9\tex\generic\pgfplots\oldpgfcompatib\pgfplotsoldpg
fsupp_pgfmathfloat.code.tex"
\c@pgfmathroundto@lastzeros=\count283
)
("C:\Program Files\MiKTeX 2.9\tex\generic\pgfplots\oldpgfcompatib\pgfplotsoldpg
fsupp_leq.code.tex"))
("C:\Program Files\MiKTeX 2.9\tex\generic\pgfplots\util\pgfplotsutil.code.tex"
("C:\Program Files\MiKTeX 2.9\tex\generic\pgfplots\liststructure\pgfplotslistst
ructure.code.tex")
("C:\Program Files\MiKTeX 2.9\tex\generic\pgfplots\liststructure\pgfplotslistst
ructureext.code.tex")
("C:\Program Files\MiKTeX 2.9\tex\generic\pgfplots\liststructure\pgfplotsarray.
code.tex"
\c@pgfplotsarray@tmp=\count284
)
("C:\Program Files\MiKTeX 2.9\tex\generic\pgfplots\liststructure\pgfplotsmatrix
.code.tex")
("C:\Program Files\MiKTeX 2.9\tex\generic\pgfplots\numtable\pgfplotstableshared
.code.tex"
\c@pgfplotstable@counta=\count285
\t@pgfplotstable@a=\toks54
)
("C:\Program Files\MiKTeX 2.9\tex\generic\pgfplots\liststructure\pgfplotsdeque.
code.tex")
("C:\Program Files\MiKTeX 2.9\tex\generic\pgfplots\util\pgfplotsbinary.code.tex
"
("C:\Program Files\MiKTeX 2.9\tex\generic\pgfplots\util\pgfplotsbinary.data.cod
e.tex"))
("C:\Program Files\MiKTeX 2.9\tex\generic\pgfplots\util\pgfplotsutil.verb.code.
tex")
("C:\Program Files\MiKTeX 2.9\tex\generic\pgfplots\libs\pgflibrarypgfplots.surf
shading.code.tex"
\c@pgfplotslibrarysurf@no=\count286

("C:\Program Files\MiKTeX 2.9\tex\generic\pgfplots\sys\pgflibrarypgfplots.surfs
hading.pgfsys-pdftex.def")))
("C:\Program Files\MiKTeX 2.9\tex\generic\pgfplots\util\pgfplotscolormap.code.t
ex"
("C:\Program Files\MiKTeX 2.9\tex\generic\pgfplots\util\pgfplotscolor.code.tex"
))
("C:\Program Files\MiKTeX 2.9\tex\generic\pgfplots\pgfplotsstackedplots.code.te
x")
("C:\Program Files\MiKTeX 2.9\tex\generic\pgfplots\pgfplotsplothandlers.code.te
x"
("C:\Program Files\MiKTeX 2.9\tex\generic\pgfplots\pgfplotsmeshplothandler.code
.tex"
("C:\Program Files\MiKTeX 2.9\tex\generic\pgfplots\pgfplotsmeshplotimage.code.t
ex")))
("C:\Program Files\MiKTeX 2.9\tex\generic\pgfplots\pgfplots.scaling.code.tex")
("C:\Program Files\MiKTeX 2.9\tex\generic\pgfplots\pgfplotscoordprocessing.code
.tex")
("C:\Program Files\MiKTeX 2.9\tex\generic\pgfplots\pgfplots.errorbars.code.tex"
) ("C:\Program Files\MiKTeX 2.9\tex\generic\pgfplots\pgfplots.markers.code.tex"
) ("C:\Program Files\MiKTeX 2.9\tex\generic\pgfplots\pgfplotsticks.code.tex")
("C:\Program Files\MiKTeX 2.9\tex\generic\pgfplots\pgfplots.paths.code.tex")
("C:\Program Files\MiKTeX 2.9\tex\generic\pgf\frontendlayer\tikz\libraries\tikz
librarydecorations.code.tex"
("C:\Program Files\MiKTeX 2.9\tex\generic\pgf\modules\pgfmoduledecorations.code
.tex"
\pgfdecoratedcompleteddistance=\dimen278
\pgfdecoratedremainingdistance=\dimen279
\pgfdecoratedinputsegmentcompleteddistance=\dimen280
\pgfdecoratedinputsegmentremainingdistance=\dimen281
\pgf@decorate@distancetomove=\dimen282
\pgf@decorate@repeatstate=\count287
\pgfdecorationsegmentamplitude=\dimen283
\pgfdecorationsegmentlength=\dimen284
)
\tikz@lib@dec@box=\box45
)
("C:\Program Files\MiKTeX 2.9\tex\generic\pgf\frontendlayer\tikz\libraries\tikz
librarydecorations.pathmorphing.code.tex"
("C:\Program Files\MiKTeX 2.9\tex\generic\pgf\libraries\decorations\pgflibraryd
ecorations.pathmorphing.code.tex"))
("C:\Program Files\MiKTeX 2.9\tex\generic\pgf\frontendlayer\tikz\libraries\tikz
librarydecorations.pathreplacing.code.tex"
("C:\Program Files\MiKTeX 2.9\tex\generic\pgf\libraries\decorations\pgflibraryd
ecorations.pathreplacing.code.tex"))
\pgfplots@numplots=\count288
\pgfplots@xmin@reg=\dimen285
\pgfplots@xmax@reg=\dimen286
\pgfplots@ymin@reg=\dimen287
\pgfplots@ymax@reg=\dimen288
\pgfplots@zmin@reg=\dimen289
\pgfplots@zmax@reg=\dimen290
)
("C:\Program Files\MiKTeX 2.9\tex\generic\pgf\frontendlayer\tikz\libraries\tikz
libraryplotmarks.code.tex"
File: tikzlibraryplotmarks.code.tex 2008/01/09 v3.0.1a (rcs-revision 1.1)

("C:\Program Files\MiKTeX 2.9\tex\generic\pgf\libraries\pgflibraryplotmarks.cod
e.tex"
File: pgflibraryplotmarks.code.tex 2015/08/03 v3.0.1a (rcs-revision 1.14)
)))
("C:\Program Files\MiKTeX 2.9\tex\generic\pgf\frontendlayer\tikz\libraries\tikz
librarypositioning.code.tex"
File: tikzlibrarypositioning.code.tex 2008/10/06 v3.0.1a (rcs-revision 1.7)
)
("C:\Program Files\MiKTeX 2.9\tex\generic\pgf\frontendlayer\tikz\libraries\tikz
librarycalc.code.tex"
File: tikzlibrarycalc.code.tex 2013/07/15 v3.0.1a (rcs-revision 1.9)
)
("C:\Program Files\MiKTeX 2.9\tex\generic\pgf\frontendlayer\tikz\libraries\tikz
libraryarrows.code.tex"
File: tikzlibraryarrows.code.tex 2008/01/09 v3.0.1a (rcs-revision 1.1)

("C:\Program Files\MiKTeX 2.9\tex\generic\pgf\libraries\pgflibraryarrows.code.t
ex"
File: pgflibraryarrows.code.tex 2013/09/23 v3.0.1a (rcs-revision 1.16)
\arrowsize=\dimen291
))
("C:\Program Files\MiKTeX 2.9\tex\generic\pgf\frontendlayer\tikz\libraries\tikz
libraryshapes.code.tex"
File: tikzlibraryshapes.code.tex 2008/01/09 v3.0.1a (rcs-revision 1.1)

("C:\Program Files\MiKTeX 2.9\tex\generic\pgf\frontendlayer\tikz\libraries\tikz
libraryshapes.geometric.code.tex"
File: tikzlibraryshapes.geometric.code.tex 2008/01/09 v3.0.1a (rcs-revision 1.1
)

("C:\Program Files\MiKTeX 2.9\tex\generic\pgf\libraries\shapes\pgflibraryshapes
.geometric.code.tex"
File: pgflibraryshapes.geometric.code.tex 2008/06/26 v3.0.1a (rcs-revision 1.1)

))
("C:\Program Files\MiKTeX 2.9\tex\generic\pgf\frontendlayer\tikz\libraries\tikz
libraryshapes.misc.code.tex"
File: tikzlibraryshapes.misc.code.tex 2008/01/09 v3.0.1a (rcs-revision 1.1)

("C:\Program Files\MiKTeX 2.9\tex\generic\pgf\libraries\shapes\pgflibraryshapes
.misc.code.tex"
File: pgflibraryshapes.misc.code.tex 2013/07/18 v3.0.1a (rcs-revision 1.5)
))
("C:\Program Files\MiKTeX 2.9\tex\generic\pgf\frontendlayer\tikz\libraries\tikz
libraryshapes.symbols.code.tex"
File: tikzlibraryshapes.symbols.code.tex 2008/01/09 v3.0.1a (rcs-revision 1.1)

("C:\Program Files\MiKTeX 2.9\tex\generic\pgf\libraries\shapes\pgflibraryshapes
.symbols.code.tex"
File: pgflibraryshapes.symbols.code.tex 2013/09/11 v3.0.1a (rcs-revision 1.6)
))
("C:\Program Files\MiKTeX 2.9\tex\generic\pgf\frontendlayer\tikz\libraries\tikz
libraryshapes.arrows.code.tex"
File: tikzlibraryshapes.arrows.code.tex 2008/01/09 v3.0.1a (rcs-revision 1.1)

("C:\Program Files\MiKTeX 2.9\tex\generic\pgf\libraries\shapes\pgflibraryshapes
.arrows.code.tex"
File: pgflibraryshapes.arrows.code.tex 2008/06/26 v3.0.1a (rcs-revision 1.1)
))
("C:\Program Files\MiKTeX 2.9\tex\generic\pgf\frontendlayer\tikz\libraries\tikz
libraryshapes.callouts.code.tex"
("C:\Program Files\MiKTeX 2.9\tex\generic\pgf\libraries\shapes\pgflibraryshapes
.callouts.code.tex"))
("C:\Program Files\MiKTeX 2.9\tex\generic\pgf\frontendlayer\tikz\libraries\tikz
libraryshapes.multipart.code.tex"
File: tikzlibraryshapes.multipart.code.tex 2008/01/09 v3.0.1a (rcs-revision 1.1
)

("C:\Program Files\MiKTeX 2.9\tex\generic\pgf\libraries\shapes\pgflibraryshapes
.multipart.code.tex"
File: pgflibraryshapes.multipart.code.tex 2010/01/07 v3.0.1a (rcs-revision 1.2)

\pgfnodepartlowerbox=\box46
\pgfnodeparttwobox=\box47
\pgfnodepartthreebox=\box48
\pgfnodepartfourbox=\box49
\pgfnodeparttwentybox=\box50
\pgfnodepartnineteenbox=\box51
\pgfnodeparteighteenbox=\box52
\pgfnodepartseventeenbox=\box53
\pgfnodepartsixteenbox=\box54
\pgfnodepartfifteenbox=\box55
\pgfnodepartfourteenbox=\box56
\pgfnodepartthirteenbox=\box57
\pgfnodeparttwelvebox=\box58
\pgfnodepartelevenbox=\box59
\pgfnodeparttenbox=\box60
\pgfnodepartninebox=\box61
\pgfnodeparteightbox=\box62
\pgfnodepartsevenbox=\box63
\pgfnodepartsixbox=\box64
\pgfnodepartfivebox=\box65
)))
("C:\Program Files\MiKTeX 2.9\tex\generic\pgf\frontendlayer\tikz\libraries\tikz
librarybackgrounds.code.tex"
File: tikzlibrarybackgrounds.code.tex 2013/07/18 v3.0.1a (rcs-revision 1.3)
\pgf@layerbox@background=\box66
\pgf@layerboxsaved@background=\box67
) (Configuracoes/dados_documento.tex)
Package hyperref Info: Option `colorlinks' set `true' on input line 95.
\modelo@idxfile=\write5
\openout5 = `modelo.idx'.


Writing index file modelo.idx 
("C:\Program Files\MiKTeX 2.9\tex\latex\listings\lstlang1.sty"
File: lstlang1.sty 2018/09/02 1.7 listings language file
) (modelo.aux)
\openout1 = `modelo.aux'.

LaTeX Font Info:    Checking defaults for OML/cmm/m/it on input line 153.
LaTeX Font Info:    ... okay on input line 153.
LaTeX Font Info:    Checking defaults for T1/cmr/m/n on input line 153.
LaTeX Font Info:    ... okay on input line 153.
LaTeX Font Info:    Checking defaults for OT1/cmr/m/n on input line 153.
LaTeX Font Info:    ... okay on input line 153.
LaTeX Font Info:    Checking defaults for OMS/cmsy/m/n on input line 153.
LaTeX Font Info:    ... okay on input line 153.
LaTeX Font Info:    Checking defaults for OMX/cmex/m/n on input line 153.
LaTeX Font Info:    ... okay on input line 153.
LaTeX Font Info:    Checking defaults for U/cmr/m/n on input line 153.
LaTeX Font Info:    ... okay on input line 153.
LaTeX Font Info:    Checking defaults for PD1/pdf/m/n on input line 153.
LaTeX Font Info:    ... okay on input line 153.
\AtBeginShipoutBox=\box68
Package hyperref Info: Link coloring ON on input line 153.

("C:\Program Files\MiKTeX 2.9\tex\latex\hyperref\nameref.sty"
Package: nameref 2016/05/21 v2.44 Cross-referencing by name of section

("C:\Program Files\MiKTeX 2.9\tex\generic\oberdiek\gettitlestring.sty"
Package: gettitlestring 2016/05/16 v1.5 Cleanup title references (HO)
)
\c@section@level=\count289
)
Redoing nameref's sectioning
Redoing nameref's label
LaTeX Info: Redefining \nameref on input line 153.
LaTeX Info: Redefining \ref on input line 153.
LaTeX Info: Redefining \pageref on input line 153.
LaTeX Info: Redefining \nameref on input line 153.
\myptabbox=\box69
\myptabboxwidth=\skip272
\c@lstlisting=\count290
("C:\Program Files\MiKTeX 2.9\tex\context\base\supp-pdf.mkii"
[Loading MPS to PDF converter (version 2006.09.02).]
\scratchcounter=\count291
\scratchdimen=\dimen292
\scratchbox=\box70
\nofMPsegments=\count292
\nofMParguments=\count293
\everyMPshowfont=\toks55
\MPscratchCnt=\count294
\MPscratchDim=\dimen293
\MPnumerator=\count295
\makeMPintoPDFobject=\count296
\everyMPtoPDFconversion=\toks56
) ("C:\Program Files\MiKTeX 2.9\tex\latex\oberdiek\epstopdf-base.sty"
Package: epstopdf-base 2016/05/15 v2.6 Base part for package epstopdf

("C:\Program Files\MiKTeX 2.9\tex\latex\oberdiek\grfext.sty"
Package: grfext 2016/05/16 v1.2 Manage graphics extensions (HO)
)
Package epstopdf-base Info: Redefining graphics rule for `.eps' on input line 4
38.
Package grfext Info: Graphics extension search list:
(grfext)             [.pdf,.png,.jpg,.mps,.jpeg,.jbig2,.jb2,.PDF,.PNG,.JPG,.JPE
G,.JBIG2,.JB2,.eps]
(grfext)             \AppendGraphicsExtensions on input line 456.
)
Package lastpage Info: Please have a look at the pageslts package at
(lastpage)             https://www.ctan.org/pkg/pageslts
(lastpage)             ! on input line 153.

ABD: EveryShipout initializing macros
Package pgfplots notification 'compat/show suggested version=true': document ha
s been generated with the most recent feature set (\pgfplotsset{compat=1.16}).

[1

{C:/Users/suga/AppData/Local/MiKTeX/2.9/pdftex/config/pdftex.map}]<<ot1.cmap>><
<oml.cmap>><<oms.cmap>><<omx.cmap>>
LaTeX Font Info:    Try loading font information for U+msa on input line 161.

("C:\Program Files\MiKTeX 2.9\tex\latex\amsfonts\umsa.fd"
File: umsa.fd 2013/01/14 v3.01 AMS symbols A
)
LaTeX Font Info:    Try loading font information for U+msb on input line 161.

("C:\Program Files\MiKTeX 2.9\tex\latex\amsfonts\umsb.fd"
File: umsb.fd 2013/01/14 v3.01 AMS symbols B
)pdfTeX warning (ext4): destination with the same identifier (name{page.1}) has
 been already used, duplicate ignored
<to be read again> 
                   \relax 
l.161 
       [1



] (Apresentacao/folha_aprovacao.tex [2

]) (Apresentacao/dedicatoria.tex [3

]) (Apresentacao/agradecimentos.tex [4


]) (Apresentacao/epigrafe.tex [5

])
(modelo.lof
Overfull \hbox (9.24318pt too wide) in paragraph at lines 17--17
 [][] [][][]\T1/cmr/m/n/12 Exemplo de uma ima-gem de trei-na-mento re-pre-sen-t
ada em uma sequên- 
 []


Overfull \hbox (10.56622pt too wide) in paragraph at lines 30--30
 [][] [][][]\T1/cmr/m/n/12 Bloco de có-digo do mé-todo \T1/cmr/m/it/12 pro-ces-
sa-Re-co-nhe-ci-mento() \T1/cmr/m/n/12 da classe \T1/cmr/m/it/12 ACP_- 
 []

[6

]) [7] (modelo.lot) [8

] (Configuracoes/siglas.tex [9


]) (modelo.toc [10

])
[11] (Capitulos/introducao.tex [12


]
<./Imagens/ex_variacao.png, id=354, 454.69875pt x 536.0025pt>
File: ./Imagens/ex_variacao.png Graphic file (type png)
<use ./Imagens/ex_variacao.png>
Package pdftex.def Info: ./Imagens/ex_variacao.png  used on input line 35.
(pdftex.def)             Requested size: 364.00139pt x 429.09702pt.


LaTeX Warning: `h' float specifier changed to `ht'.

[13] [14 <./Imagens/ex_variacao.png>]
LaTeX Font Info:    Try loading font information for OMS+cmr on input line 71.

("C:\Program Files\MiKTeX 2.9\tex\latex\base\omscmr.fd"
File: omscmr.fd 2014/09/29 v2.5h Standard LaTeX font definitions
)
LaTeX Font Info:    Font shape `OMS/cmr/m/n' in size <12> not available
(Font)              Font shape `OMS/cmsy/m/n' tried instead on input line 71.
 [15]
<./Imagens/someeigen.png, id=397, 263.48438pt x 211.54031pt>
File: ./Imagens/someeigen.png Graphic file (type png)
<use ./Imagens/someeigen.png>
Package pdftex.def Info: ./Imagens/someeigen.png  used on input line 84.
(pdftex.def)             Requested size: 273.00278pt x 219.19298pt.
 [16 <./Imagens/someeigen.png>]
<./Imagens/eigencartesiano.png, id=413, 306.39468pt x 263.48438pt>
File: ./Imagens/eigencartesiano.png Graphic file (type png)
<use ./Imagens/eigencartesiano.png>
Package pdftex.def Info: ./Imagens/eigencartesiano.png  used on input line 100.

(pdftex.def)             Requested size: 273.00278pt x 234.78177pt.
 [17 <./Imagens/eigencartesiano.png>]
<./Imagens/tabelaEmpresasRecog.png, id=427, 546.54187pt x 848.4197pt>
File: ./Imagens/tabelaEmpresasRecog.png Graphic file (type png)
<use ./Imagens/tabelaEmpresasRecog.png>
Package pdftex.def Info: ./Imagens/tabelaEmpresasRecog.png  used on input line 
141.
(pdftex.def)             Requested size: 386.75278pt x 600.37561pt.


LaTeX Warning: `h' float specifier changed to `ht'.

<./Imagens/stats_toprecog.png, id=433, 392.21532pt x 150.5625pt>
File: ./Imagens/stats_toprecog.png Graphic file (type png)
<use ./Imagens/stats_toprecog.png>
Package pdftex.def Info: ./Imagens/stats_toprecog.png  used on input line 151.
(pdftex.def)             Requested size: 409.49722pt x 157.20618pt.
[18] [19 <./Imagens/stats_toprecog.png>]) (Capitulos/revisa_bib.tex [20]
[21 <./Imagens/tabelaEmpresasRecog.png>] [22

]
<./Imagens/pixel-img.png, id=489, 426.84468pt x 413.29407pt>
File: ./Imagens/pixel-img.png Graphic file (type png)
<use ./Imagens/pixel-img.png>
Package pdftex.def Info: ./Imagens/pixel-img.png  used on input line 33.
(pdftex.def)             Requested size: 273.00278pt x 264.34962pt.
 [23 <./Imagens/pixel-img.png>]
[24]
Overfull \hbox (10.10889pt too wide) in paragraph at lines 84--87
[]\T1/cmr/m/n/12 O pro-ces-sa-mento de ima-gens pode ser di-vi-dido em 3 fa-ses
 bá-si-cas: pré-processamento,
 []

[25]
<./Imagens/escalacinza.png, id=549, 850.17625pt x 930.47626pt>
File: ./Imagens/escalacinza.png Graphic file (type png)
<use ./Imagens/escalacinza.png>
Package pdftex.def Info: ./Imagens/escalacinza.png  used on input line 105.
(pdftex.def)             Requested size: 295.74722pt x 323.68385pt.
 [26 <./Imagens/escalacinza.png>]
<./Imagens/maximo_canal.png, id=567, 334.24875pt x 335.2525pt>
File: ./Imagens/maximo_canal.png Graphic file (type png)
<use ./Imagens/maximo_canal.png>
Package pdftex.def Info: ./Imagens/maximo_canal.png  used on input line 117.
(pdftex.def)             Requested size: 181.99722pt x 182.54785pt.
<./Imagens/conversao_classica.png, id=573, 328.22626pt x 329.23pt>
File: ./Imagens/conversao_classica.png Graphic file (type png)
<use ./Imagens/conversao_classica.png>
Package pdftex.def Info: ./Imagens/conversao_classica.png  used on input line 1
27.
(pdftex.def)             Requested size: 181.99722pt x 182.554pt.
<./Imagens/media_canal.png, id=579, 332.24126pt x 330.23375pt>
File: ./Imagens/media_canal.png Graphic file (type png)
<use ./Imagens/media_canal.png>
Package pdftex.def Info: ./Imagens/media_canal.png  used on input line 136.
(pdftex.def)             Requested size: 181.99722pt x 180.89847pt.
 [27 <./Imagens/maximo_canal.png> <./Imagens/conversao_classica.png>]
<./Imagens/escalabasico.png, id=595, 643.40375pt x 204.765pt>
File: ./Imagens/escalabasico.png Graphic file (type png)
<use ./Imagens/escalabasico.png>
Package pdftex.def Info: ./Imagens/escalabasico.png  used on input line 154.
(pdftex.def)             Requested size: 364.00139pt x 115.84865pt.
 [28 <./Imagens/media_canal.png> <./Imagens/escalabasico.png>]
<./Imagens/vizinho_interp.png, id=612, 701.62125pt x 273.02pt>
File: ./Imagens/vizinho_interp.png Graphic file (type png)
<use ./Imagens/vizinho_interp.png>
Package pdftex.def Info: ./Imagens/vizinho_interp.png  used on input line 175.
(pdftex.def)             Requested size: 318.49861pt x 123.94101pt.
<./Imagens/histograma.png, id=624, 289.08pt x 138.5175pt>
File: ./Imagens/histograma.png Graphic file (type png)
<use ./Imagens/histograma.png>
Package pdftex.def Info: ./Imagens/histograma.png  used on input line 190.
(pdftex.def)             Requested size: 364.00139pt x 174.42728pt.
 [29 <./Imagens/vizinho_interp.png>] [30 <./Imagens/histograma.png>]
<./Imagens/haarwavelet.png, id=649, 200.24812pt x 151.3153pt>
File: ./Imagens/haarwavelet.png Graphic file (type png)
<use ./Imagens/haarwavelet.png>
Package pdftex.def Info: ./Imagens/haarwavelet.png  used on input line 227.
(pdftex.def)             Requested size: 273.00278pt x 206.31943pt.

[31 <./Imagens/haarwavelet.png>]
<./Imagens/haarfeatures.png, id=662, 682.80093pt x 347.04657pt>
File: ./Imagens/haarfeatures.png Graphic file (type png)
<use ./Imagens/haarfeatures.png>
Package pdftex.def Info: ./Imagens/haarfeatures.png  used on input line 239.
(pdftex.def)             Requested size: 409.49722pt x 208.13951pt.
 [32 <./Imagens/haarfeatures.png>]
<./Imagens/cascata.png, id=683, 357.58594pt x 120.45pt>
File: ./Imagens/cascata.png Graphic file (type png)
<use ./Imagens/cascata.png>
Package pdftex.def Info: ./Imagens/cascata.png  used on input line 266.
(pdftex.def)             Requested size: 364.00139pt x 122.61842pt.
 [33 <./Imagens/cascata.png>]
<./Imagens/trein_img.png, id=703, 401.24907pt x 353.82187pt>
File: ./Imagens/trein_img.png Graphic file (type png)
<use ./Imagens/trein_img.png>
Package pdftex.def Info: ./Imagens/trein_img.png  used on input line 293.
(pdftex.def)             Requested size: 318.49861pt x 280.87132pt.


LaTeX Warning: `h' float specifier changed to `ht'.

<./Imagens/eigenpeso.png, id=709, 402.00188pt x 365.86688pt>
File: ./Imagens/eigenpeso.png Graphic file (type png)
<use ./Imagens/eigenpeso.png>
Package pdftex.def Info: ./Imagens/eigenpeso.png  used on input line 305.
(pdftex.def)             Requested size: 181.99722pt x 165.63786pt.

LaTeX Warning: `h' float specifier changed to `ht'.

[34]
Overfull \hbox (4.65518pt too wide) in paragraph at lines 315--316
[]\T1/cmr/m/n/12 Outra ma-neira de se en-ten-der a re-la-ção en-tre as \T1/cmr/
m/it/12 ei-gen-fa-ces \T1/cmr/m/n/12 e as ima-gens é representa-
 []

[35 <./Imagens/trein_img.png> <./Imagens/eigenpeso.png>]
<./Imagens/eigenpeso_axis.png, id=725, 336.50719pt x 339.51843pt>
File: ./Imagens/eigenpeso_axis.png Graphic file (type png)
<use ./Imagens/eigenpeso_axis.png>
Package pdftex.def Info: ./Imagens/eigenpeso_axis.png  used on input line 319.
(pdftex.def)             Requested size: 181.99722pt x 183.62733pt.
 [36 <./Imagens/eigenpeso_axis.png>]
<./Imagens/tabelaxy.png, id=749, 128.73094pt x 325.96782pt>
File: ./Imagens/tabelaxy.png Graphic file (type png)
<use ./Imagens/tabelaxy.png>
Package pdftex.def Info: ./Imagens/tabelaxy.png  used on input line 348.
(pdftex.def)             Requested size: 68.24722pt x 172.81682pt.
<./Imagens/graphxy.png, id=757, 280.79906pt x 246.1697pt>
File: ./Imagens/graphxy.png Graphic file (type png)
<use ./Imagens/graphxy.png>
Package pdftex.def Info: ./Imagens/graphxy.png  used on input line 358.
(pdftex.def)             Requested size: 181.99722pt x 159.55013pt.
 [37 <./Imagens/tabelaxy.png> <./Imagens/graphxy.png>] [38]
<./Imagens/graphxy2.png, id=794, 376.40625pt x 243.91125pt>
File: ./Imagens/graphxy2.png Graphic file (type png)
<use ./Imagens/graphxy2.png>
Package pdftex.def Info: ./Imagens/graphxy2.png  used on input line 533.
(pdftex.def)             Requested size: 227.5pt x 147.42346pt.

[39 <./Imagens/graphxy2.png>]
<./Imagens/graphxy3.png, id=813, 347.79938pt x 251.43938pt>
File: ./Imagens/graphxy3.png Graphic file (type png)
<use ./Imagens/graphxy3.png>
Package pdftex.def Info: ./Imagens/graphxy3.png  used on input line 556.
(pdftex.def)             Requested size: 227.5pt x 164.46954pt.
 [40 <./Imagens/graphxy3.png>])
(Capitulos/materiais_metodo.tex [41] [42

] [43]
Overfull \hbox (9.97662pt too wide) in paragraph at lines 96--97
[]\T1/cmr/bx/it/12 javacpp.opencv_-core.cvCreateImage\T1/cmr/m/n/12 : res-pon-s
á-vel por criar ob-je-tos da classe
 []

[44]
Overfull \hbox (24.68036pt too wide) in paragraph at lines 104--105
\T1/cmr/m/n/12 pro-fun-di-dade de co-res de uma ima-gem da classe \T1/cmr/m/it/
12 IplI-mage\T1/cmr/m/n/12 , por exem-plo, convertendo-
 []


Overfull \hbox (0.38043pt too wide) in paragraph at lines 106--107
[]\T1/cmr/bx/it/12 javacpp.opencv_-img-proc.cvEqualizeHist\T1/cmr/m/n/12 : fun-
ção com a ha-bi-li-dade de per-
 []

[45] [46] [47]
Overfull \hbox (5.20479pt too wide) in paragraph at lines 176--177
[]\T1/cmr/m/n/12 Dois dos di-a-gra-mas que fa-zem parte da lin-gua-gem UML fo-r
am uti-li-za-dos ([][]GROFFE[][],
 []

) (Capitulos/implementacao.tex [48]
<./Imagens/ilustracao_tcc_sistema.png, id=927, 803.0pt x 602.25pt>
File: ./Imagens/ilustracao_tcc_sistema.png Graphic file (type png)
<use ./Imagens/ilustracao_tcc_sistema.png>
Package pdftex.def Info: ./Imagens/ilustracao_tcc_sistema.png  used on input li
ne 26.
(pdftex.def)             Requested size: 591.50139pt x 443.6547pt.

Overfull \hbox (136.50139pt too wide) in paragraph at lines 26--27
 [][] 
 []

[49

]
<./Imagens/SRFV_diagramaPacotes.png, id=937, 501.875pt x 501.875pt>
File: ./Imagens/SRFV_diagramaPacotes.png Graphic file (type png)
<use ./Imagens/SRFV_diagramaPacotes.png>
Package pdftex.def Info: ./Imagens/SRFV_diagramaPacotes.png  used on input line
 37.
(pdftex.def)             Requested size: 273.00278pt x 273.01485pt.


LaTeX Warning: `h' float specifier changed to `ht'.

[50 <./Imagens/ilustracao_tcc_sistema.png>]
<./Imagens/SRFV_diagramaClassse_gui.png, id=945, 853.1875pt x 453.695pt>
File: ./Imagens/SRFV_diagramaClassse_gui.png Graphic file (type png)
<use ./Imagens/SRFV_diagramaClassse_gui.png>
Package pdftex.def Info: ./Imagens/SRFV_diagramaClassse_gui.png  used on input 
line 55.
(pdftex.def)             Requested size: 500.50278pt x 266.15471pt.

Overfull \hbox (45.50278pt too wide) in paragraph at lines 55--56
 [][] 
 []


LaTeX Warning: `h' float specifier changed to `ht'.


Overfull \hbox (9.8613pt too wide) in paragraph at lines 68--69
[]\T1/cmr/bx/n/12 CvHaarClassifierCascade clas-si-fier\T1/cmr/m/n/12 : clas-si-
fi-ca-do-res pré trei-na-dos, as-sim como
 []

[51 <./Imagens/SRFV_diagramaPacotes.png>] [52 <./Imagens/SRFV_diagramaClassse_g
ui.png (PNG copy)>]
Overfull \hbox (23.45009pt too wide) in paragraph at lines 100--101
\T1/cmr/m/n/12 tado de re-co-nhe-ci-mento, onde a ima-gem passa por pro-ces-sa-
mento, redimensionando-
 []

<./Imagens/SRFV_diagramaClassse_eigenfaces.png, id=957, 652.68843pt x 642.90187
pt>
File: ./Imagens/SRFV_diagramaClassse_eigenfaces.png Graphic file (type png)
<use ./Imagens/SRFV_diagramaClassse_eigenfaces.png>
Package pdftex.def Info: ./Imagens/SRFV_diagramaClassse_eigenfaces.png  used on
 input line 111.
(pdftex.def)             Requested size: 500.50278pt x 493.01514pt.

Overfull \hbox (45.50278pt too wide) in paragraph at lines 111--112
 [][] 
 []


LaTeX Warning: `h' float specifier changed to `ht'.

[53] [54 <./Imagens/SRFV_diagramaClassse_eigenfaces.png>] [55]
<./Imagens/SRFV_diagramaClassse_utils.png, id=986, 671.50874pt x 563.10374pt>
File: ./Imagens/SRFV_diagramaClassse_utils.png Graphic file (type png)
<use ./Imagens/SRFV_diagramaClassse_utils.png>
Package pdftex.def Info: ./Imagens/SRFV_diagramaClassse_utils.png  used on inpu
t line 213.
(pdftex.def)             Requested size: 500.50278pt x 419.70613pt.

Overfull \hbox (45.50278pt too wide) in paragraph at lines 213--214
 [][] 
 []


LaTeX Warning: `h' float specifier changed to `ht'.

[56] [57 <./Imagens/SRFV_diagramaClassse_utils.png>] [58]
<./Imagens/snippet-mainthread.png, id=1015, 610.53094pt x 536.75531pt>
File: ./Imagens/snippet-mainthread.png Graphic file (type png)
<use ./Imagens/snippet-mainthread.png>
Package pdftex.def Info: ./Imagens/snippet-mainthread.png  used on input line 2
97.
(pdftex.def)             Requested size: 455.0pt x 400.0347pt.
 [59 <./Imagens/snippet-mainthread.png>]
<./Imagens/snippet-treiamento.png, id=1026, 581.92406pt x 476.53032pt>
File: ./Imagens/snippet-treiamento.png Graphic file (type png)
<use ./Imagens/snippet-treiamento.png>
Package pdftex.def Info: ./Imagens/snippet-treiamento.png  used on input line 3
16.
(pdftex.def)             Requested size: 455.0pt x 372.60106pt.


LaTeX Warning: `h' float specifier changed to `ht'.

[60]
<./Imagens/snippet-treiamento-calcesp.png, id=1037, 437.38406pt x 167.87718pt>
File: ./Imagens/snippet-treiamento-calcesp.png Graphic file (type png)
<use ./Imagens/snippet-treiamento-calcesp.png>
Package pdftex.def Info: ./Imagens/snippet-treiamento-calcesp.png  used on inpu
t line 337.
(pdftex.def)             Requested size: 364.00139pt x 139.712pt.


LaTeX Warning: `h' float specifier changed to `ht'.

<./Imagens/snippet-reconh.png, id=1041, 563.10374pt x 396.7322pt>
File: ./Imagens/snippet-reconh.png Graphic file (type png)
<use ./Imagens/snippet-reconh.png>
Package pdftex.def Info: ./Imagens/snippet-reconh.png  used on input line 355.
(pdftex.def)             Requested size: 477.75139pt x 336.60042pt.

Overfull \hbox (22.75139pt too wide) in paragraph at lines 355--356
 [][] 
 []


LaTeX Warning: `h' float specifier changed to `ht'.

[61 <./Imagens/snippet-treiamento.png>] [62 <./Imagens/snippet-treiamento-calce
sp.png> <./Imagens/snippet-reconh.png>]
<./Imagens/snippet-reconh-calcesp.png, id=1062, 450.18187pt x 104.64093pt>
File: ./Imagens/snippet-reconh-calcesp.png Graphic file (type png)
<use ./Imagens/snippet-reconh-calcesp.png>
Package pdftex.def Info: ./Imagens/snippet-reconh-calcesp.png  used on input li
ne 372.
(pdftex.def)             Requested size: 386.75278pt x 89.90161pt.
<./Imagens/snippet-reconh-resultadofim.png, id=1071, 507.39563pt x 295.1025pt>
File: ./Imagens/snippet-reconh-resultadofim.png Graphic file (type png)
<use ./Imagens/snippet-reconh-resultadofim.png>
Package pdftex.def Info: ./Imagens/snippet-reconh-resultadofim.png  used on inp
ut line 390.
(pdftex.def)             Requested size: 455.0pt x 264.63516pt.


LaTeX Warning: `h' float specifier changed to `ht'.

[63 <./Imagens/snippet-reconh-calcesp.png>]) (Capitulos/resultados.tex [64 <./I
magens/snippet-reconh-resultadofim.png>]
<./Imagens/screenshot-sys.png, id=1085, 733.99219pt x 515.67656pt>
File: ./Imagens/screenshot-sys.png Graphic file (type png)
<use ./Imagens/screenshot-sys.png>
Package pdftex.def Info: ./Imagens/screenshot-sys.png  used on input line 17.
(pdftex.def)             Requested size: 455.0pt x 319.66895pt.


LaTeX Warning: `h' float specifier changed to `ht'.

[65

] [66 <./Imagens/screenshot-sys.png>]
<./Imagens/tab-res-fase1dia1.png, id=1100, 577.40718pt x 144.54pt>
File: ./Imagens/tab-res-fase1dia1.png Graphic file (type png)
<use ./Imagens/tab-res-fase1dia1.png>
Package pdftex.def Info: ./Imagens/tab-res-fase1dia1.png  used on input line 63
.
(pdftex.def)             Requested size: 455.0pt x 113.90303pt.
<./Imagens/tab-res-fase1dia2.png, id=1102, 578.16pt x 143.03438pt>
File: ./Imagens/tab-res-fase1dia2.png Graphic file (type png)
<use ./Imagens/tab-res-fase1dia2.png>
Package pdftex.def Info: ./Imagens/tab-res-fase1dia2.png  used on input line 73
.
(pdftex.def)             Requested size: 455.0pt x 112.56377pt.


LaTeX Warning: `h' float specifier changed to `ht'.

[67 <./Imagens/tab-res-fase1dia1.png>]
<./Imagens/tab-res-fase2dia1.png, id=1109, 578.16pt x 194.22563pt>
File: ./Imagens/tab-res-fase2dia1.png Graphic file (type png)
<use ./Imagens/tab-res-fase2dia1.png>
Package pdftex.def Info: ./Imagens/tab-res-fase2dia1.png  used on input line 10
6.
(pdftex.def)             Requested size: 455.0pt x 152.84975pt.
 [68 <./Imagens/tab-res-fase1dia2.png> <./Imagens/tab-res-fase2dia1.png>]
<./Imagens/tab-res-fase2dia2.png, id=1117, 577.40718pt x 194.22563pt>
File: ./Imagens/tab-res-fase2dia2.png Graphic file (type png)
<use ./Imagens/tab-res-fase2dia2.png>
Package pdftex.def Info: ./Imagens/tab-res-fase2dia2.png  used on input line 11
8.
(pdftex.def)             Requested size: 455.0pt x 153.0572pt.
<./Imagens/tab-res-fase3.png, id=1119, 577.40718pt x 194.22563pt>
File: ./Imagens/tab-res-fase3.png Graphic file (type png)
<use ./Imagens/tab-res-fase3.png>
Package pdftex.def Info: ./Imagens/tab-res-fase3.png  used on input line 150.
(pdftex.def)             Requested size: 455.0pt x 153.0572pt.


LaTeX Warning: `h' float specifier changed to `ht'.

[69 <./Imagens/tab-res-fase2dia2.png>]
<./Imagens/taxarecogfases.png, id=1125, 398.99063pt x 52.69687pt>
File: ./Imagens/taxarecogfases.png Graphic file (type png)
<use ./Imagens/taxarecogfases.png>
Package pdftex.def Info: ./Imagens/taxarecogfases.png  used on input line 168.
(pdftex.def)             Requested size: 364.00139pt x 48.07803pt.
 [70 <./Imagens/tab-res-fase3.png> <./Imagens/taxarecogfases.png>]
<./Imagens/grafab-fase12.png, id=1132, 697.8572pt x 269.50688pt>
File: ./Imagens/grafab-fase12.png Graphic file (type png)
<use ./Imagens/grafab-fase12.png>
Package pdftex.def Info: ./Imagens/grafab-fase12.png  used on input line 189.
(pdftex.def)             Requested size: 500.50278pt x 193.29224pt.

Overfull \hbox (45.50278pt too wide) in paragraph at lines 189--190
 [][] 
 []


LaTeX Warning: `h' float specifier changed to `ht'.

<./Imagens/grafab-fase3.png, id=1133, 676.02562pt x 261.22594pt>
File: ./Imagens/grafab-fase3.png Graphic file (type png)
<use ./Imagens/grafab-fase3.png>
Package pdftex.def Info: ./Imagens/grafab-fase3.png  used on input line 197.
(pdftex.def)             Requested size: 500.50278pt x 193.40779pt.

Overfull \hbox (45.50278pt too wide) in paragraph at lines 197--198
 [][] 
 []


LaTeX Warning: `h' float specifier changed to `ht'.

) (Capitulos/conclusao.tex [71] [72 <./Imagens/grafab-fase12.png> <./Imagens/gr
afab-fase3.png>] [73

]) (modelo.bbl [74]
bibitemlist

Underfull \hbox (badness 7308) in paragraph at lines 10--16
[]\T1/cmr/m/n/12 ARAUJO, A. D. Ma-ni-festo Ágil e as top 3 me-to-do-lo-gias Áge
is de de-
 []


Underfull \hbox (badness 10000) in paragraph at lines 10--16
\T1/cmr/m/n/12 sen-vol-vi-mento! Be-Code, 2016. Dis-po-ní-vel em: [][]$<[]https
 : / / becode . com . br /
 []


Underfull \hbox (badness 1383) in paragraph at lines 64--68
[]\T1/cmr/m/n/12 COLT. 2018. Dis-po-ní-vel em: [][]$<[]http : / / dst . lbl . g
ov / ACSSoftware / colt / >[]$[][]. Acesso em:
 []


Underfull \hbox (badness 6332) in paragraph at lines 125--130
[]\T1/cmr/m/n/12 GROFFE, R. J. Ar-tigo mo-de-la-gem de sis-te-mas atra-vés de u
ml: uma vi-
 []


Underfull \hbox (badness 10000) in paragraph at lines 125--130
\T1/cmr/m/n/12 são ge-ral. Dev-me-dia, 2013. Dis-po-ní-vel em: [][]$<[]https : 
/ / www . devmedia . com . br /
 []

[75

] [76]
Underfull \hbox (badness 1565) in paragraph at lines 236--243
[]\T1/cmr/m/n/12 SILVA, G. N. da. \T1/cmr/bx/n/12 Es-tudo das Téc-ni-cas PCA (A
ná-lise de Com-po-nen-tes
 []


Underfull \hbox (badness 10000) in paragraph at lines 236--243
\T1/cmr/m/n/12 Ma-rí-lia, 2009. Dis-po-ní-vel em: [][]$<[]http : / / aberto . u
nivem . edu . br / bitstream / handle /
 []


Underfull \hbox (badness 10000) in paragraph at lines 236--243
\T1/cmr/m/n/12 11077 / 284 / Estudo + da + t % E9cnica + PCA + (An % E1lise + d
e + Componentes + Principais )
 []


Underfull \hbox (badness 10000) in paragraph at lines 236--243
\T1/cmr/m/n/12 +e + Auto-[]faces + aplicadas + ao + reconhecimento + de + faces
 + humanas . pdf ; jsessionid =
 []


Underfull \hbox (badness 1609) in paragraph at lines 261--265
[]\T1/cmr/m/n/12 SMITH, L. I. Ví-deo di-gi-tal. 2018. Dis-po-ní-vel em: [][]$<[
]https : / / br . ccm . net / contents /
 []


Underfull \hbox (badness 10000) in paragraph at lines 289--296
\T1/cmr/m/n/12 computacao-[]graca / transformacoes-[]geometricas-[]2d-[]e-[]co
ordenadas-[]homogeneas>[]$[][].
 []


Overfull \hbox (16.14395pt too wide) in paragraph at lines 299--304
\T1/cmr/m/n/12 face-[]recognition-[]semisupervised-[]classication-[]subspace-[
]projection-[]and-[]evaluation-[]methods /
 []

) [77]
No file modelo.ind.

AED: lastpage setting LastPage
[78]
\tf@lof=\write6
\openout6 = `modelo.lof'.

\tf@lot=\write7
\openout7 = `modelo.lot'.

\tf@toc=\write8
\openout8 = `modelo.toc'.

Package atveryend Info: Empty hook `BeforeClearDocument' on input line 259.
Package atveryend Info: Empty hook `AfterLastShipout' on input line 259.
 (modelo.aux)
Package atveryend Info: Executing hook `AtVeryEndDocument' on input line 259.
Package atveryend Info: Empty hook `AtEndAfterFileList' on input line 259.
Package atveryend Info: Empty hook `AtVeryVeryEnd' on input line 259.
 ) 
Here is how much of TeX's memory you used:
 36498 strings out of 492970
 824932 string characters out of 3135858
 1239335 words of memory out of 3000000
 39366 multiletter control sequences out of 15000+200000
 22029 words of font info for 57 fonts, out of 3000000 for 9000
 1150 hyphenation exceptions out of 8191
 78i,13n,136p,1161b,609s stack positions out of 5000i,500n,10000p,200000b,50000s
 <C:\Users\suga\AppData\Local\MiKTeX\2.9\fonts\pk\ljfour\jknappen\ec\dpi600\e
cbx0800.pk> <C:\Users\suga\AppData\Local\MiKTeX\2.9\fonts\pk\ljfour\jknappen\ec
\dpi600\ecti1000.pk> <C:\Users\suga\AppData\Local\MiKTeX\2.9\fonts\pk\ljfour\jk
nappen\ec\dpi600\eccc1200.pk> <C:\Users\suga\AppData\Local\MiKTeX\2.9\fonts\pk\
ljfour\jknappen\ec\dpi600\ecxc1200.pk> <C:\Users\suga\AppData\Local\MiKTeX\2.9\
fonts\pk\ljfour\jknappen\ec\dpi600\ecrm0700.pk> <C:\Users\suga\AppData\Local\Mi
KTeX\2.9\fonts\pk\ljfour\jknappen\ec\dpi600\ecrm0800.pk> <C:\Users\suga\AppData
\Local\MiKTeX\2.9\fonts\pk\ljfour\jknappen\ec\dpi600\ecbi1200.pk> <C:\Users\sug
a\AppData\Local\MiKTeX\2.9\fonts\pk\ljfour\jknappen\ec\dpi600\ecbx1200.pk> <C:\
Users\suga\AppData\Local\MiKTeX\2.9\fonts\pk\ljfour\jknappen\ec\dpi600\ecti1200
.pk> <C:\Users\suga\AppData\Local\MiKTeX\2.9\fonts\pk\ljfour\jknappen\ec\dpi600
\ecrm1000.pk> <C:\Users\suga\AppData\Local\MiKTeX\2.9\fonts\pk\ljfour\jknappen\
ec\dpi600\ecti1440.pk> <C:\Users\suga\AppData\Local\MiKTeX\2.9\fonts\pk\ljfour\
jknappen\ec\dpi600\ecrm1440.pk> <C:\Users\suga\AppData\Local\MiKTeX\2.9\fonts\p
k\ljfour\jknappen\ec\dpi600\ecrm1095.pk> <C:\Users\suga\AppData\Local\MiKTeX\2.
9\fonts\pk\ljfour\jknappen\ec\dpi600\ecbi1440.pk> <C:\Users\suga\AppData\Local\
MiKTeX\2.9\fonts\pk\ljfour\jknappen\ec\dpi600\ecrm1200.pk> <C:\Users\suga\AppDa
ta\Local\MiKTeX\2.9\fonts\pk\ljfour\jknappen\ec\dpi600\ecbx1440.pk><C:/Program 
Files/MiKTeX 2.9/fonts/type1/public/amsfonts/cm/cmex10.pfb><C:/Program Files/Mi
KTeX 2.9/fonts/type1/public/amsfonts/cm/cmmi12.pfb><C:/Program Files/MiKTeX 2.9
/fonts/type1/public/amsfonts/cm/cmmi8.pfb><C:/Program Files/MiKTeX 2.9/fonts/ty
pe1/public/amsfonts/cm/cmr12.pfb><C:/Program Files/MiKTeX 2.9/fonts/type1/publi
c/amsfonts/cm/cmr8.pfb><C:/Program Files/MiKTeX 2.9/fonts/type1/public/amsfonts
/cm/cmsy10.pfb><C:/Program Files/MiKTeX 2.9/fonts/type1/public/amsfonts/cm/cmsy
8.pfb>
Output written on modelo.pdf (79 pages, 4795496 bytes).
PDF statistics:
 2176 PDF objects out of 2487 (max. 8388607)
 257 named destinations out of 1000 (max. 500000)
 840 words of extra memory for PDF output out of 10000 (max. 10000000)

